<?xml version="1.0" encoding="UTF-8"?>
<testsuite name="cs3500.pa01.UtilsTest" tests="3" skipped="0" failures="0" errors="0" timestamp="2023-05-27T00:29:24" hostname="Krishs-MacBook-8.local" time="0.014">
  <properties/>
  <testcase name="testFilesToInfoBlocks()" classname="cs3500.pa01.UtilsTest" time="0.005"/>
  <testcase name="impInfoList()" classname="cs3500.pa01.UtilsTest" time="0.002"/>
  <testcase name="pathToInfoBlocks()" classname="cs3500.pa01.UtilsTest" time="0.005"/>
  <system-out><![CDATA[]]></system-out>
  <system-err><![CDATA[]]></system-err>
</testsuite>
