<?xml version="1.0" encoding="UTF-8"?>
<testsuite name="cs3500.pa01.ViewStudySessionTest" tests="8" skipped="0" failures="0" errors="0" timestamp="2023-05-27T00:29:24" hostname="Krishs-MacBook-8.local" time="0.022">
  <properties/>
  <testcase name="showQuestion()" classname="cs3500.pa01.ViewStudySessionTest" time="0.002"/>
  <testcase name="askNumOfQues()" classname="cs3500.pa01.ViewStudySessionTest" time="0.002"/>
  <testcase name="showInvalidInput()" classname="cs3500.pa01.ViewStudySessionTest" time="0.001"/>
  <testcase name="getSummary()" classname="cs3500.pa01.ViewStudySessionTest" time="0.001"/>
  <testcase name="askPath()" classname="cs3500.pa01.ViewStudySessionTest" time="0.001"/>
  <testcase name="showWelcomeScreen()" classname="cs3500.pa01.ViewStudySessionTest" time="0.001"/>
  <testcase name="getAppendable()" classname="cs3500.pa01.ViewStudySessionTest" time="0.001"/>
  <testcase name="showAns()" classname="cs3500.pa01.ViewStudySessionTest" time="0.001"/>
  <system-out><![CDATA[]]></system-out>
  <system-err><![CDATA[]]></system-err>
</testsuite>
