<?xml version="1.0" encoding="UTF-8"?>
<testsuite name="cs3500.pa01.ControlStudySessionTest" tests="1" skipped="0" failures="0" errors="0" timestamp="2023-05-27T00:29:23" hostname="Krishs-MacBook-8.local" time="0.166">
  <properties/>
  <testcase name="run()" classname="cs3500.pa01.ControlStudySessionTest" time="0.166"/>
  <system-out><![CDATA[2023-05-26
]]></system-out>
  <system-err><![CDATA[]]></system-err>
</testsuite>
