<?xml version="1.0" encoding="UTF-8"?>
<testsuite name="cs3500.pa01.QuestionAndAnswerTest" tests="9" skipped="0" failures="0" errors="0" timestamp="2023-05-27T00:29:24" hostname="Krishs-MacBook-8.local" time="0.038">
  <properties/>
  <testcase name="setDifficulty()" classname="cs3500.pa01.QuestionAndAnswerTest" time="0.001"/>
  <testcase name="setLastAccessed()" classname="cs3500.pa01.QuestionAndAnswerTest" time="0.002"/>
  <testcase name="testToString()" classname="cs3500.pa01.QuestionAndAnswerTest" time="0.001"/>
  <testcase name="getAnswer()" classname="cs3500.pa01.QuestionAndAnswerTest" time="0.001"/>
  <testcase name="setQuestionNumber()" classname="cs3500.pa01.QuestionAndAnswerTest" time="0.001"/>
  <testcase name="getQuestion()" classname="cs3500.pa01.QuestionAndAnswerTest" time="0.001"/>
  <testcase name="getDifficulty()" classname="cs3500.pa01.QuestionAndAnswerTest" time="0.001"/>
  <testcase name="getQuestionNumber()" classname="cs3500.pa01.QuestionAndAnswerTest" time="0.01"/>
  <testcase name="getLastAccessed()" classname="cs3500.pa01.QuestionAndAnswerTest" time="0.002"/>
  <system-out><![CDATA[]]></system-out>
  <system-err><![CDATA[]]></system-err>
</testsuite>
