<?xml version="1.0" encoding="UTF-8"?>
<testsuite name="cs3500.pa01.FileWalkerTest" tests="2" skipped="0" failures="0" errors="0" timestamp="2023-05-27T00:29:24" hostname="Krishs-MacBook-8.local" time="0.02">
  <properties/>
  <testcase name="getListOfFiles()" classname="cs3500.pa01.FileWalkerTest" time="0.016"/>
  <testcase name="testFileFailed()" classname="cs3500.pa01.FileWalkerTest" time="0.002"/>
  <system-out><![CDATA[]]></system-out>
  <system-err><![CDATA[java.io.IOException]]></system-err>
</testsuite>
