<?xml version="1.0" encoding="UTF-8"?>
<testsuite name="cs3500.pa01.DriverTest" tests="1" skipped="0" failures="0" errors="0" timestamp="2023-05-27T00:29:24" hostname="Krishs-MacBook-8.local" time="0.044">
  <properties/>
  <testcase name="testMain()" classname="cs3500.pa01.DriverTest" time="0.044"/>
  <system-out><![CDATA[]]></system-out>
  <system-err><![CDATA[]]></system-err>
</testsuite>
